[2019-10-10 01:53:23] local.ERROR: Class 'Maatwebsite\Excel\ExcelServiceProvider' not found {"exception":"[object] (Symfony\\Component\\Debug\\Exception\\FatalThrowableError(code: 0): Class 'Maatwebsite\\Excel\\ExcelServiceProvider' not found at C:\\xampp\\htdocs\\finalprojectsp3\\vendor\\laravel\\framework\\src\\Illuminate\\Foundation\\ProviderRepository.php:208)
[stacktrace]
#0 C:\\xampp\\htdocs\\finalprojectsp3\\vendor\\laravel\\framework\\src\\Illuminate\\Foundation\\ProviderRepository.php(144): Illuminate\\Foundation\\ProviderRepository->createProvider('Maatwebsite\\\\Exc...')
#1 C:\\xampp\\htdocs\\finalprojectsp3\\vendor\\laravel\\framework\\src\\Illuminate\\Foundation\\ProviderRepository.php(61): Illuminate\\Foundation\\ProviderRepository->compileManifest(Array)
#2 C:\\xampp\\htdocs\\finalprojectsp3\\vendor\\laravel\\framework\\src\\Illuminate\\Foundation\\Application.php(585): Illuminate\\Foundation\\ProviderRepository->load(Array)
#3 C:\\xampp\\htdocs\\finalprojectsp3\\vendor\\laravel\\framework\\src\\Illuminate\\Foundation\\Bootstrap\\RegisterProviders.php(17): Illuminate\\Foundation\\Application->registerConfiguredProviders()
#4 C:\\xampp\\htdocs\\finalprojectsp3\\vendor\\laravel\\framework\\src\\Illuminate\\Foundation\\Application.php(211): Illuminate\\Foundation\\Bootstrap\\RegisterProviders->bootstrap(Object(Illuminate\\Foundation\\Application))
#5 C:\\xampp\\htdocs\\finalprojectsp3\\vendor\\laravel\\framework\\src\\Illuminate\\Foundation\\Console\\Kernel.php(320): Illuminate\\Foundation\\Application->bootstrapWith(Array)
#6 C:\\xampp\\htdocs\\finalprojectsp3\\vendor\\laravel\\framework\\src\\Illuminate\\Foundation\\Console\\Kernel.php(129): Illuminate\\Foundation\\Console\\Kernel->bootstrap()
#7 C:\\xampp\\htdocs\\finalprojectsp3\\artisan(37): Illuminate\\Foundation\\Console\\Kernel->handle(Object(Symfony\\Component\\Console\\Input\\ArgvInput), Object(Symfony\\Component\\Console\\Output\\ConsoleOutput))
#8 {main}
"} 
[2019-10-10 01:53:39] local.ERROR: Class 'Maatwebsite\Excel\ExcelServiceProvider' not found {"exception":"[object] (Symfony\\Component\\Debug\\Exception\\FatalThrowableError(code: 0): Class 'Maatwebsite\\Excel\\ExcelServiceProvider' not found at C:\\xampp\\htdocs\\finalprojectsp3\\vendor\\laravel\\framework\\src\\Illuminate\\Foundation\\ProviderRepository.php:208)
[stacktrace]
#0 C:\\xampp\\htdocs\\finalprojectsp3\\vendor\\laravel\\framework\\src\\Illuminate\\Foundation\\ProviderRepository.php(144): Illuminate\\Foundation\\ProviderRepository->createProvider('Maatwebsite\\\\Exc...')
#1 C:\\xampp\\htdocs\\finalprojectsp3\\vendor\\laravel\\framework\\src\\Illuminate\\Foundation\\ProviderRepository.php(61): Illuminate\\Foundation\\ProviderRepository->compileManifest(Array)
#2 C:\\xampp\\htdocs\\finalprojectsp3\\vendor\\laravel\\framework\\src\\Illuminate\\Foundation\\Application.php(585): Illuminate\\Foundation\\ProviderRepository->load(Array)
#3 C:\\xampp\\htdocs\\finalprojectsp3\\vendor\\laravel\\framework\\src\\Illuminate\\Foundation\\Bootstrap\\RegisterProviders.php(17): Illuminate\\Foundation\\Application->registerConfiguredProviders()
#4 C:\\xampp\\htdocs\\finalprojectsp3\\vendor\\laravel\\framework\\src\\Illuminate\\Foundation\\Application.php(211): Illuminate\\Foundation\\Bootstrap\\RegisterProviders->bootstrap(Object(Illuminate\\Foundation\\Application))
#5 C:\\xampp\\htdocs\\finalprojectsp3\\vendor\\laravel\\framework\\src\\Illuminate\\Foundation\\Console\\Kernel.php(320): Illuminate\\Foundation\\Application->bootstrapWith(Array)
#6 C:\\xampp\\htdocs\\finalprojectsp3\\vendor\\laravel\\framework\\src\\Illuminate\\Foundation\\Console\\Kernel.php(129): Illuminate\\Foundation\\Console\\Kernel->bootstrap()
#7 C:\\xampp\\htdocs\\finalprojectsp3\\artisan(37): Illuminate\\Foundation\\Console\\Kernel->handle(Object(Symfony\\Component\\Console\\Input\\ArgvInput), Object(Symfony\\Component\\Console\\Output\\ConsoleOutput))
#8 {main}
"} 
[2019-10-10 01:54:12] local.ERROR: Class 'Maatwebsite\Excel\ExcelServiceProvider' not found {"exception":"[object] (Symfony\\Component\\Debug\\Exception\\FatalThrowableError(code: 0): Class 'Maatwebsite\\Excel\\ExcelServiceProvider' not found at C:\\xampp\\htdocs\\finalprojectsp3\\vendor\\laravel\\framework\\src\\Illuminate\\Foundation\\ProviderRepository.php:208)
[stacktrace]
#0 C:\\xampp\\htdocs\\finalprojectsp3\\vendor\\laravel\\framework\\src\\Illuminate\\Foundation\\ProviderRepository.php(144): Illuminate\\Foundation\\ProviderRepository->createProvider('Maatwebsite\\\\Exc...')
#1 C:\\xampp\\htdocs\\finalprojectsp3\\vendor\\laravel\\framework\\src\\Illuminate\\Foundation\\ProviderRepository.php(61): Illuminate\\Foundation\\ProviderRepository->compileManifest(Array)
#2 C:\\xampp\\htdocs\\finalprojectsp3\\vendor\\laravel\\framework\\src\\Illuminate\\Foundation\\Application.php(585): Illuminate\\Foundation\\ProviderRepository->load(Array)
#3 C:\\xampp\\htdocs\\finalprojectsp3\\vendor\\laravel\\framework\\src\\Illuminate\\Foundation\\Bootstrap\\RegisterProviders.php(17): Illuminate\\Foundation\\Application->registerConfiguredProviders()
#4 C:\\xampp\\htdocs\\finalprojectsp3\\vendor\\laravel\\framework\\src\\Illuminate\\Foundation\\Application.php(211): Illuminate\\Foundation\\Bootstrap\\RegisterProviders->bootstrap(Object(Illuminate\\Foundation\\Application))
#5 C:\\xampp\\htdocs\\finalprojectsp3\\vendor\\laravel\\framework\\src\\Illuminate\\Foundation\\Console\\Kernel.php(320): Illuminate\\Foundation\\Application->bootstrapWith(Array)
#6 C:\\xampp\\htdocs\\finalprojectsp3\\vendor\\laravel\\framework\\src\\Illuminate\\Foundation\\Console\\Kernel.php(129): Illuminate\\Foundation\\Console\\Kernel->bootstrap()
#7 C:\\xampp\\htdocs\\finalprojectsp3\\artisan(37): Illuminate\\Foundation\\Console\\Kernel->handle(Object(Symfony\\Component\\Console\\Input\\ArgvInput), Object(Symfony\\Component\\Console\\Output\\ConsoleOutput))
#8 {main}
"} 
[2019-10-10 01:54:26] local.ERROR: Class 'Maatwebsite\Excel\ExcelServiceProvider' not found {"exception":"[object] (Symfony\\Component\\Debug\\Exception\\FatalThrowableError(code: 0): Class 'Maatwebsite\\Excel\\ExcelServiceProvider' not found at C:\\xampp\\htdocs\\finalprojectsp3\\vendor\\laravel\\framework\\src\\Illuminate\\Foundation\\ProviderRepository.php:208)
[stacktrace]
#0 C:\\xampp\\htdocs\\finalprojectsp3\\vendor\\laravel\\framework\\src\\Illuminate\\Foundation\\ProviderRepository.php(144): Illuminate\\Foundation\\ProviderRepository->createProvider('Maatwebsite\\\\Exc...')
#1 C:\\xampp\\htdocs\\finalprojectsp3\\vendor\\laravel\\framework\\src\\Illuminate\\Foundation\\ProviderRepository.php(61): Illuminate\\Foundation\\ProviderRepository->compileManifest(Array)
#2 C:\\xampp\\htdocs\\finalprojectsp3\\vendor\\laravel\\framework\\src\\Illuminate\\Foundation\\Application.php(585): Illuminate\\Foundation\\ProviderRepository->load(Array)
#3 C:\\xampp\\htdocs\\finalprojectsp3\\vendor\\laravel\\framework\\src\\Illuminate\\Foundation\\Bootstrap\\RegisterProviders.php(17): Illuminate\\Foundation\\Application->registerConfiguredProviders()
#4 C:\\xampp\\htdocs\\finalprojectsp3\\vendor\\laravel\\framework\\src\\Illuminate\\Foundation\\Application.php(211): Illuminate\\Foundation\\Bootstrap\\RegisterProviders->bootstrap(Object(Illuminate\\Foundation\\Application))
#5 C:\\xampp\\htdocs\\finalprojectsp3\\vendor\\laravel\\framework\\src\\Illuminate\\Foundation\\Console\\Kernel.php(320): Illuminate\\Foundation\\Application->bootstrapWith(Array)
#6 C:\\xampp\\htdocs\\finalprojectsp3\\vendor\\laravel\\framework\\src\\Illuminate\\Foundation\\Console\\Kernel.php(129): Illuminate\\Foundation\\Console\\Kernel->bootstrap()
#7 C:\\xampp\\htdocs\\finalprojectsp3\\artisan(37): Illuminate\\Foundation\\Console\\Kernel->handle(Object(Symfony\\Component\\Console\\Input\\ArgvInput), Object(Symfony\\Component\\Console\\Output\\ConsoleOutput))
#8 {main}
"} 
[2019-10-10 02:06:51] local.ERROR: Class 'Maatwebsite\Excel\ExcelServiceProvider' not found {"exception":"[object] (Symfony\\Component\\Debug\\Exception\\FatalThrowableError(code: 0): Class 'Maatwebsite\\Excel\\ExcelServiceProvider' not found at C:\\xampp\\htdocs\\finalprojectsp3\\vendor\\laravel\\framework\\src\\Illuminate\\Foundation\\ProviderRepository.php:208)
[stacktrace]
#0 C:\\xampp\\htdocs\\finalprojectsp3\\vendor\\laravel\\framework\\src\\Illuminate\\Foundation\\ProviderRepository.php(144): Illuminate\\Foundation\\ProviderRepository->createProvider('Maatwebsite\\\\Exc...')
#1 C:\\xampp\\htdocs\\finalprojectsp3\\vendor\\laravel\\framework\\src\\Illuminate\\Foundation\\ProviderRepository.php(61): Illuminate\\Foundation\\ProviderRepository->compileManifest(Array)
#2 C:\\xampp\\htdocs\\finalprojectsp3\\vendor\\laravel\\framework\\src\\Illuminate\\Foundation\\Application.php(585): Illuminate\\Foundation\\ProviderRepository->load(Array)
#3 C:\\xampp\\htdocs\\finalprojectsp3\\vendor\\laravel\\framework\\src\\Illuminate\\Foundation\\Bootstrap\\RegisterProviders.php(17): Illuminate\\Foundation\\Application->registerConfiguredProviders()
#4 C:\\xampp\\htdocs\\finalprojectsp3\\vendor\\laravel\\framework\\src\\Illuminate\\Foundation\\Application.php(211): Illuminate\\Foundation\\Bootstrap\\RegisterProviders->bootstrap(Object(Illuminate\\Foundation\\Application))
#5 C:\\xampp\\htdocs\\finalprojectsp3\\vendor\\laravel\\framework\\src\\Illuminate\\Foundation\\Console\\Kernel.php(320): Illuminate\\Foundation\\Application->bootstrapWith(Array)
#6 C:\\xampp\\htdocs\\finalprojectsp3\\vendor\\laravel\\framework\\src\\Illuminate\\Foundation\\Console\\Kernel.php(129): Illuminate\\Foundation\\Console\\Kernel->bootstrap()
#7 C:\\xampp\\htdocs\\finalprojectsp3\\artisan(37): Illuminate\\Foundation\\Console\\Kernel->handle(Object(Symfony\\Component\\Console\\Input\\ArgvInput), Object(Symfony\\Component\\Console\\Output\\ConsoleOutput))
#8 {main}
"} 
[2019-10-10 02:07:20] local.ERROR: Class 'Maatwebsite\Excel\ExcelServiceProvider' not found {"exception":"[object] (Symfony\\Component\\Debug\\Exception\\FatalThrowableError(code: 0): Class 'Maatwebsite\\Excel\\ExcelServiceProvider' not found at C:\\xampp\\htdocs\\finalprojectsp3\\vendor\\laravel\\framework\\src\\Illuminate\\Foundation\\ProviderRepository.php:208)
[stacktrace]
#0 C:\\xampp\\htdocs\\finalprojectsp3\\vendor\\laravel\\framework\\src\\Illuminate\\Foundation\\ProviderRepository.php(144): Illuminate\\Foundation\\ProviderRepository->createProvider('Maatwebsite\\\\Exc...')
#1 C:\\xampp\\htdocs\\finalprojectsp3\\vendor\\laravel\\framework\\src\\Illuminate\\Foundation\\ProviderRepository.php(61): Illuminate\\Foundation\\ProviderRepository->compileManifest(Array)
#2 C:\\xampp\\htdocs\\finalprojectsp3\\vendor\\laravel\\framework\\src\\Illuminate\\Foundation\\Application.php(585): Illuminate\\Foundation\\ProviderRepository->load(Array)
#3 C:\\xampp\\htdocs\\finalprojectsp3\\vendor\\laravel\\framework\\src\\Illuminate\\Foundation\\Bootstrap\\RegisterProviders.php(17): Illuminate\\Foundation\\Application->registerConfiguredProviders()
#4 C:\\xampp\\htdocs\\finalprojectsp3\\vendor\\laravel\\framework\\src\\Illuminate\\Foundation\\Application.php(211): Illuminate\\Foundation\\Bootstrap\\RegisterProviders->bootstrap(Object(Illuminate\\Foundation\\Application))
#5 C:\\xampp\\htdocs\\finalprojectsp3\\vendor\\laravel\\framework\\src\\Illuminate\\Foundation\\Console\\Kernel.php(320): Illuminate\\Foundation\\Application->bootstrapWith(Array)
#6 C:\\xampp\\htdocs\\finalprojectsp3\\vendor\\laravel\\framework\\src\\Illuminate\\Foundation\\Console\\Kernel.php(129): Illuminate\\Foundation\\Console\\Kernel->bootstrap()
#7 C:\\xampp\\htdocs\\finalprojectsp3\\artisan(37): Illuminate\\Foundation\\Console\\Kernel->handle(Object(Symfony\\Component\\Console\\Input\\ArgvInput), Object(Symfony\\Component\\Console\\Output\\ConsoleOutput))
#8 {main}
"} 
[2019-10-10 02:11:12] local.ERROR: Class 'Maatwebsite\Excel\ExcelServiceProvider' not found {"exception":"[object] (Symfony\\Component\\Debug\\Exception\\FatalThrowableError(code: 0): Class 'Maatwebsite\\Excel\\ExcelServiceProvider' not found at C:\\xampp\\htdocs\\finalprojectsp3\\vendor\\laravel\\framework\\src\\Illuminate\\Foundation\\ProviderRepository.php:208)
[stacktrace]
#0 C:\\xampp\\htdocs\\finalprojectsp3\\vendor\\laravel\\framework\\src\\Illuminate\\Foundation\\ProviderRepository.php(144): Illuminate\\Foundation\\ProviderRepository->createProvider('Maatwebsite\\\\Exc...')
#1 C:\\xampp\\htdocs\\finalprojectsp3\\vendor\\laravel\\framework\\src\\Illuminate\\Foundation\\ProviderRepository.php(61): Illuminate\\Foundation\\ProviderRepository->compileManifest(Array)
#2 C:\\xampp\\htdocs\\finalprojectsp3\\vendor\\laravel\\framework\\src\\Illuminate\\Foundation\\Application.php(585): Illuminate\\Foundation\\ProviderRepository->load(Array)
#3 C:\\xampp\\htdocs\\finalprojectsp3\\vendor\\laravel\\framework\\src\\Illuminate\\Foundation\\Bootstrap\\RegisterProviders.php(17): Illuminate\\Foundation\\Application->registerConfiguredProviders()
#4 C:\\xampp\\htdocs\\finalprojectsp3\\vendor\\laravel\\framework\\src\\Illuminate\\Foundation\\Application.php(211): Illuminate\\Foundation\\Bootstrap\\RegisterProviders->bootstrap(Object(Illuminate\\Foundation\\Application))
#5 C:\\xampp\\htdocs\\finalprojectsp3\\vendor\\laravel\\framework\\src\\Illuminate\\Foundation\\Http\\Kernel.php(162): Illuminate\\Foundation\\Application->bootstrapWith(Array)
#6 C:\\xampp\\htdocs\\finalprojectsp3\\vendor\\laravel\\framework\\src\\Illuminate\\Foundation\\Http\\Kernel.php(146): Illuminate\\Foundation\\Http\\Kernel->bootstrap()
#7 C:\\xampp\\htdocs\\finalprojectsp3\\vendor\\laravel\\framework\\src\\Illuminate\\Foundation\\Http\\Kernel.php(116): Illuminate\\Foundation\\Http\\Kernel->sendRequestThroughRouter(Object(Illuminate\\Http\\Request))
#8 C:\\xampp\\htdocs\\finalprojectsp3\\public\\index.php(55): Illuminate\\Foundation\\Http\\Kernel->handle(Object(Illuminate\\Http\\Request))
#9 C:\\xampp\\htdocs\\finalprojectsp3\\server.php(21): require_once('C:\\\\xampp\\\\htdocs...')
#10 {main}
"} 
